<?xml version="1.0" encoding="UTF-8"?>
<testsuite xmlns:xsi="http://www.w3.org/2001/XMLSchema-instance" xsi:noNamespaceSchemaLocation="https://maven.apache.org/surefire/maven-surefire-plugin/xsd/surefire-test-report.xsd" name="com.n26.repository.TransactionDAOImplTest" time="0.007" tests="3" errors="0" skipped="0" failures="0">
  <properties>
[...]
</properties>
  <testcase name="shouldProcessTransactions" classname="com.n26.repository.TransactionDAOImplTest" time="0"/>
  <testcase name="shouldGetStatisticsFromDbOperations" classname="com.n26.repository.TransactionDAOImplTest" time="0"/>
  <testcase name="shouldDeleteTransactions" classname="com.n26.repository.TransactionDAOImplTest" time="0"/>
</testsuite>